mode: set
github.com/c2FmZQ/distfs/pkg/crypto/chunk.go:30.71,37.2 6 1
github.com/c2FmZQ/distfs/pkg/crypto/chunk.go:40.119,41.32 1 1
github.com/c2FmZQ/distfs/pkg/crypto/chunk.go:41.32,43.3 1 1
github.com/c2FmZQ/distfs/pkg/crypto/chunk.go:46.2,52.60 5 1
github.com/c2FmZQ/distfs/pkg/crypto/chunk.go:52.60,54.3 1 0
github.com/c2FmZQ/distfs/pkg/crypto/chunk.go:55.2,59.16 3 1
github.com/c2FmZQ/distfs/pkg/crypto/chunk.go:59.16,61.3 1 1
github.com/c2FmZQ/distfs/pkg/crypto/chunk.go:64.2,67.20 3 1
github.com/c2FmZQ/distfs/pkg/crypto/chunk.go:72.89,76.26 2 1
github.com/c2FmZQ/distfs/pkg/crypto/chunk.go:76.26,78.3 1 0
github.com/c2FmZQ/distfs/pkg/crypto/chunk.go:80.2,84.52 3 1
github.com/c2FmZQ/distfs/pkg/crypto/chunk.go:84.52,86.3 1 0
github.com/c2FmZQ/distfs/pkg/crypto/chunk.go:88.2,88.62 1 1
github.com/c2FmZQ/distfs/pkg/crypto/dem.go:29.56,31.59 2 1
github.com/c2FmZQ/distfs/pkg/crypto/dem.go:31.59,33.3 1 0
github.com/c2FmZQ/distfs/pkg/crypto/dem.go:34.2,34.51 1 1
github.com/c2FmZQ/distfs/pkg/crypto/dem.go:39.72,41.16 2 1
github.com/c2FmZQ/distfs/pkg/crypto/dem.go:41.16,43.3 1 1
github.com/c2FmZQ/distfs/pkg/crypto/dem.go:44.2,45.16 2 1
github.com/c2FmZQ/distfs/pkg/crypto/dem.go:45.16,47.3 1 0
github.com/c2FmZQ/distfs/pkg/crypto/dem.go:48.2,48.38 1 1
github.com/c2FmZQ/distfs/pkg/crypto/dem.go:48.38,50.3 1 1
github.com/c2FmZQ/distfs/pkg/crypto/dem.go:51.2,51.55 1 1
github.com/c2FmZQ/distfs/pkg/crypto/dem.go:55.57,57.16 2 1
github.com/c2FmZQ/distfs/pkg/crypto/dem.go:57.16,59.3 1 1
github.com/c2FmZQ/distfs/pkg/crypto/dem.go:60.2,61.16 2 1
github.com/c2FmZQ/distfs/pkg/crypto/dem.go:61.16,63.3 1 0
github.com/c2FmZQ/distfs/pkg/crypto/dem.go:64.2,65.33 2 1
github.com/c2FmZQ/distfs/pkg/crypto/dem.go:65.33,67.3 1 1
github.com/c2FmZQ/distfs/pkg/crypto/dem.go:68.2,69.49 2 1
github.com/c2FmZQ/distfs/pkg/crypto/dem.go:73.73,75.16 2 1
github.com/c2FmZQ/distfs/pkg/crypto/dem.go:75.16,77.3 1 0
github.com/c2FmZQ/distfs/pkg/crypto/dem.go:78.2,79.16 2 1
github.com/c2FmZQ/distfs/pkg/crypto/dem.go:79.16,81.3 1 0
github.com/c2FmZQ/distfs/pkg/crypto/dem.go:84.2,85.33 2 1
github.com/c2FmZQ/distfs/pkg/crypto/dem.go:85.33,87.3 1 0
github.com/c2FmZQ/distfs/pkg/crypto/dem.go:88.2,89.38 2 1
github.com/c2FmZQ/distfs/pkg/crypto/dem.go:89.38,91.3 1 0
github.com/c2FmZQ/distfs/pkg/crypto/dem.go:92.2,92.60 1 1
github.com/c2FmZQ/distfs/pkg/crypto/hash.go:23.26,25.2 1 1
github.com/c2FmZQ/distfs/pkg/crypto/identity.go:34.50,36.16 2 1
github.com/c2FmZQ/distfs/pkg/crypto/identity.go:36.16,38.3 1 0
github.com/c2FmZQ/distfs/pkg/crypto/identity.go:39.2,39.48 1 1
github.com/c2FmZQ/distfs/pkg/crypto/identity.go:43.47,46.2 2 1
github.com/c2FmZQ/distfs/pkg/crypto/identity.go:49.39,51.2 1 1
github.com/c2FmZQ/distfs/pkg/crypto/identity.go:54.47,56.2 1 1
github.com/c2FmZQ/distfs/pkg/crypto/identity.go:59.50,61.48 2 1
github.com/c2FmZQ/distfs/pkg/crypto/identity.go:61.48,63.3 1 1
github.com/c2FmZQ/distfs/pkg/crypto/identity.go:64.2,65.44 2 1
github.com/c2FmZQ/distfs/pkg/crypto/identity.go:69.59,70.42 1 1
github.com/c2FmZQ/distfs/pkg/crypto/identity.go:70.42,72.3 1 1
github.com/c2FmZQ/distfs/pkg/crypto/identity.go:73.2,74.52 2 1
github.com/c2FmZQ/distfs/pkg/crypto/identity.go:74.52,76.3 1 0
github.com/c2FmZQ/distfs/pkg/crypto/identity.go:78.2,78.44 1 1
github.com/c2FmZQ/distfs/pkg/crypto/identity.go:82.26,84.2 1 1
github.com/c2FmZQ/distfs/pkg/crypto/identity.go:87.26,89.2 1 1
github.com/c2FmZQ/distfs/pkg/crypto/kem.go:22.66,24.2 1 1
github.com/c2FmZQ/distfs/pkg/crypto/kem.go:27.70,29.2 1 1
github.com/c2FmZQ/distfs/pkg/crypto/kem.go:32.89,34.2 1 1
github.com/c2FmZQ/distfs/pkg/crypto/kem.go:37.68,39.2 1 1
github.com/c2FmZQ/distfs/pkg/crypto/kem.go:42.78,44.2 1 1
github.com/c2FmZQ/distfs/pkg/crypto/kem.go:47.68,49.2 1 1
github.com/c2FmZQ/distfs/pkg/crypto/kem.go:52.78,54.2 1 1
github.com/c2FmZQ/distfs/pkg/crypto/keyring.go:20.45,25.2 1 1
github.com/c2FmZQ/distfs/pkg/crypto/keyring.go:28.47,32.2 3 1
github.com/c2FmZQ/distfs/pkg/crypto/keyring.go:35.51,40.2 4 1
github.com/c2FmZQ/distfs/pkg/crypto/keyring.go:43.51,47.22 4 1
github.com/c2FmZQ/distfs/pkg/crypto/keyring.go:47.22,49.3 1 1
github.com/c2FmZQ/distfs/pkg/crypto/keyring.go:53.45,58.45 4 1
github.com/c2FmZQ/distfs/pkg/crypto/keyring.go:58.45,60.3 1 0
github.com/c2FmZQ/distfs/pkg/crypto/keyring.go:62.2,64.24 3 1
github.com/c2FmZQ/distfs/pkg/crypto/keyring.go:69.37,78.27 6 1
github.com/c2FmZQ/distfs/pkg/crypto/keyring.go:78.27,80.3 1 1
github.com/c2FmZQ/distfs/pkg/crypto/keyring.go:81.2,81.39 1 1
github.com/c2FmZQ/distfs/pkg/crypto/keyring.go:81.39,83.3 1 1
github.com/c2FmZQ/distfs/pkg/crypto/keyring.go:85.2,85.27 1 1
github.com/c2FmZQ/distfs/pkg/crypto/keyring.go:85.27,91.3 5 1
github.com/c2FmZQ/distfs/pkg/crypto/keyring.go:92.2,92.10 1 1
github.com/c2FmZQ/distfs/pkg/crypto/keyring.go:96.54,97.19 1 1
github.com/c2FmZQ/distfs/pkg/crypto/keyring.go:97.19,99.3 1 1
github.com/c2FmZQ/distfs/pkg/crypto/keyring.go:100.2,103.41 3 1
github.com/c2FmZQ/distfs/pkg/crypto/keyring.go:103.41,108.3 4 1
github.com/c2FmZQ/distfs/pkg/crypto/keyring.go:110.2,113.8 1 1
github.com/c2FmZQ/distfs/pkg/crypto/lockbox.go:32.27,34.2 1 1
github.com/c2FmZQ/distfs/pkg/crypto/lockbox.go:37.103,41.16 3 1
github.com/c2FmZQ/distfs/pkg/crypto/lockbox.go:41.16,43.3 1 0
github.com/c2FmZQ/distfs/pkg/crypto/lockbox.go:45.2,49.12 2 1
github.com/c2FmZQ/distfs/pkg/crypto/lockbox.go:55.96,57.9 2 1
github.com/c2FmZQ/distfs/pkg/crypto/lockbox.go:57.9,59.3 1 1
github.com/c2FmZQ/distfs/pkg/crypto/lockbox.go:61.2,62.16 2 1
github.com/c2FmZQ/distfs/pkg/crypto/lockbox.go:62.16,64.3 1 0
github.com/c2FmZQ/distfs/pkg/crypto/lockbox.go:66.2,66.48 1 1
github.com/c2FmZQ/distfs/pkg/crypto/sealed.go:25.110,49.16 15 1
github.com/c2FmZQ/distfs/pkg/crypto/sealed.go:49.16,51.3 1 0
github.com/c2FmZQ/distfs/pkg/crypto/sealed.go:54.2,58.20 4 1
github.com/c2FmZQ/distfs/pkg/crypto/sealed.go:62.118,64.27 2 1
github.com/c2FmZQ/distfs/pkg/crypto/sealed.go:64.27,66.3 1 1
github.com/c2FmZQ/distfs/pkg/crypto/sealed.go:68.2,73.16 4 1
github.com/c2FmZQ/distfs/pkg/crypto/sealed.go:73.16,75.3 1 0
github.com/c2FmZQ/distfs/pkg/crypto/sealed.go:78.2,79.16 2 1
github.com/c2FmZQ/distfs/pkg/crypto/sealed.go:79.16,81.3 1 1
github.com/c2FmZQ/distfs/pkg/crypto/sealed.go:83.2,84.28 2 1
github.com/c2FmZQ/distfs/pkg/crypto/sealed.go:84.28,86.3 1 1
github.com/c2FmZQ/distfs/pkg/crypto/sealed.go:89.2,97.47 7 1
github.com/c2FmZQ/distfs/pkg/crypto/sealed.go:97.47,99.3 1 0
github.com/c2FmZQ/distfs/pkg/crypto/sealed.go:101.2,101.39 1 1
github.com/c2FmZQ/distfs/pkg/crypto/sealed.go:105.103,107.27 2 1
github.com/c2FmZQ/distfs/pkg/crypto/sealed.go:107.27,109.3 1 1
github.com/c2FmZQ/distfs/pkg/crypto/sealed.go:113.2,117.16 3 1
github.com/c2FmZQ/distfs/pkg/crypto/sealed.go:117.16,119.3 1 1
github.com/c2FmZQ/distfs/pkg/crypto/sealed.go:121.2,122.28 2 1
github.com/c2FmZQ/distfs/pkg/crypto/sealed.go:122.28,124.3 1 0
github.com/c2FmZQ/distfs/pkg/crypto/sealed.go:127.2,135.47 7 1
github.com/c2FmZQ/distfs/pkg/crypto/sealed.go:135.47,137.3 1 0
github.com/c2FmZQ/distfs/pkg/crypto/sealed.go:139.2,139.25 1 1
github.com/c2FmZQ/distfs/pkg/crypto/sealed.go:143.111,167.16 15 1
github.com/c2FmZQ/distfs/pkg/crypto/sealed.go:167.16,169.3 1 0
github.com/c2FmZQ/distfs/pkg/crypto/sealed.go:172.2,176.20 4 1
github.com/c2FmZQ/distfs/pkg/crypto/sealed.go:180.111,182.27 2 1
github.com/c2FmZQ/distfs/pkg/crypto/sealed.go:182.27,184.3 1 1
github.com/c2FmZQ/distfs/pkg/crypto/sealed.go:186.2,191.16 4 1
github.com/c2FmZQ/distfs/pkg/crypto/sealed.go:191.16,193.3 1 0
github.com/c2FmZQ/distfs/pkg/crypto/sealed.go:196.2,197.16 2 1
github.com/c2FmZQ/distfs/pkg/crypto/sealed.go:197.16,199.3 1 1
github.com/c2FmZQ/distfs/pkg/crypto/sealed.go:201.2,202.28 2 1
github.com/c2FmZQ/distfs/pkg/crypto/sealed.go:202.28,204.3 1 1
github.com/c2FmZQ/distfs/pkg/crypto/sealed.go:207.2,215.47 7 1
github.com/c2FmZQ/distfs/pkg/crypto/sealed.go:215.47,217.3 1 0
github.com/c2FmZQ/distfs/pkg/crypto/sealed.go:219.2,219.25 1 1
github.com/c2FmZQ/distfs/pkg/crypto/sealed.go:224.96,236.16 6 1
github.com/c2FmZQ/distfs/pkg/crypto/sealed.go:236.16,238.3 1 0
github.com/c2FmZQ/distfs/pkg/crypto/sealed.go:241.2,245.20 4 1
github.com/c2FmZQ/distfs/pkg/crypto/sealed.go:249.84,251.27 2 1
github.com/c2FmZQ/distfs/pkg/crypto/sealed.go:251.27,253.3 1 1
github.com/c2FmZQ/distfs/pkg/crypto/sealed.go:255.2,260.16 4 1
github.com/c2FmZQ/distfs/pkg/crypto/sealed.go:260.16,262.3 1 0
github.com/c2FmZQ/distfs/pkg/crypto/sealed.go:265.2,266.16 2 1
github.com/c2FmZQ/distfs/pkg/crypto/sealed.go:266.16,268.3 1 1
github.com/c2FmZQ/distfs/pkg/crypto/sealed.go:270.2,270.20 1 1
github.com/c2FmZQ/distfs/pkg/crypto/sealed.go:270.20,272.3 1 1
github.com/c2FmZQ/distfs/pkg/crypto/sealed.go:275.2,275.23 1 1
